Determining if the pthread_create exist failed with the following output:
Change Dir: /home/gabriel/ros/avantTrainee/build/catkin_tools_prebuild/CMakeFiles/CMakeTmp

Run Build Command:"/usr/bin/make" "cmTC_b27b3/fast"
/usr/bin/make -f CMakeFiles/cmTC_b27b3.dir/build.make CMakeFiles/cmTC_b27b3.dir/build
make[1]: Entering directory '/home/gabriel/ros/avantTrainee/build/catkin_tools_prebuild/CMakeFiles/CMakeTmp'
Building C object CMakeFiles/cmTC_b27b3.dir/CheckSymbolExists.c.o
/usr/bin/cc   -march=native    -o CMakeFiles/cmTC_b27b3.dir/CheckSymbolExists.c.o   -c /home/gabriel/ros/avantTrainee/build/catkin_tools_prebuild/CMakeFiles/CMakeTmp/CheckSymbolExists.c
Linking C executable cmTC_b27b3
/usr/bin/cmake -E cmake_link_script CMakeFiles/cmTC_b27b3.dir/link.txt --verbose=1
/usr/bin/cc -march=native     -rdynamic CMakeFiles/cmTC_b27b3.dir/CheckSymbolExists.c.o  -o cmTC_b27b3 
CMakeFiles/cmTC_b27b3.dir/CheckSymbolExists.c.o: In function `main':
CheckSymbolExists.c:(.text+0x1b): undefined reference to `pthread_create'
collect2: error: ld returned 1 exit status
CMakeFiles/cmTC_b27b3.dir/build.make:97: recipe for target 'cmTC_b27b3' failed
make[1]: *** [cmTC_b27b3] Error 1
make[1]: Leaving directory '/home/gabriel/ros/avantTrainee/build/catkin_tools_prebuild/CMakeFiles/CMakeTmp'
Makefile:126: recipe for target 'cmTC_b27b3/fast' failed
make: *** [cmTC_b27b3/fast] Error 2

File /home/gabriel/ros/avantTrainee/build/catkin_tools_prebuild/CMakeFiles/CMakeTmp/CheckSymbolExists.c:
/* */
#include <pthread.h>

int main(int argc, char** argv)
{
  (void)argv;
#ifndef pthread_create
  return ((int*)(&pthread_create))[argc];
#else
  (void)argc;
  return 0;
#endif
}

Determining if the function pthread_create exists in the pthreads failed with the following output:
Change Dir: /home/gabriel/ros/avantTrainee/build/catkin_tools_prebuild/CMakeFiles/CMakeTmp

Run Build Command:"/usr/bin/make" "cmTC_c63b2/fast"
/usr/bin/make -f CMakeFiles/cmTC_c63b2.dir/build.make CMakeFiles/cmTC_c63b2.dir/build
make[1]: Entering directory '/home/gabriel/ros/avantTrainee/build/catkin_tools_prebuild/CMakeFiles/CMakeTmp'
Building C object CMakeFiles/cmTC_c63b2.dir/CheckFunctionExists.c.o
/usr/bin/cc   -march=native -DCHECK_FUNCTION_EXISTS=pthread_create   -o CMakeFiles/cmTC_c63b2.dir/CheckFunctionExists.c.o   -c /usr/share/cmake-3.10/Modules/CheckFunctionExists.c
Linking C executable cmTC_c63b2
/usr/bin/cmake -E cmake_link_script CMakeFiles/cmTC_c63b2.dir/link.txt --verbose=1
/usr/bin/cc -march=native -DCHECK_FUNCTION_EXISTS=pthread_create    -rdynamic CMakeFiles/cmTC_c63b2.dir/CheckFunctionExists.c.o  -o cmTC_c63b2 -lpthreads 
/usr/bin/ld: cannot find -lpthreads
collect2: error: ld returned 1 exit status
CMakeFiles/cmTC_c63b2.dir/build.make:97: recipe for target 'cmTC_c63b2' failed
make[1]: *** [cmTC_c63b2] Error 1
make[1]: Leaving directory '/home/gabriel/ros/avantTrainee/build/catkin_tools_prebuild/CMakeFiles/CMakeTmp'
Makefile:126: recipe for target 'cmTC_c63b2/fast' failed
make: *** [cmTC_c63b2/fast] Error 2


