[35m[1mScanning dependencies of target std_msgs_generate_messages_nodejs[0m
[35m[1mScanning dependencies of target _aprendizado_generate_messages_check_deps_Num[0m
[35m[1mScanning dependencies of target std_msgs_generate_messages_eus[0m
[35m[1mScanning dependencies of target std_msgs_generate_messages_py[0m
[  0%] Built target std_msgs_generate_messages_nodejs
[  0%] Built target std_msgs_generate_messages_py
[  0%] Built target std_msgs_generate_messages_eus
[35m[1mScanning dependencies of target std_msgs_generate_messages_lisp[0m
[35m[1mScanning dependencies of target std_msgs_generate_messages_cpp[0m
[  0%] Built target std_msgs_generate_messages_lisp
[  0%] Built target std_msgs_generate_messages_cpp
[  0%] Built target _aprendizado_generate_messages_check_deps_Num
[35m[1mScanning dependencies of target aprendizado_generate_messages_py[0m
[35m[1mScanning dependencies of target aprendizado_generate_messages_lisp[0m
[35m[1mScanning dependencies of target aprendizado_generate_messages_eus[0m
[35m[1mScanning dependencies of target aprendizado_generate_messages_nodejs[0m
[ 14%] [34m[1mGenerating Lisp code from aprendizado/Num.msg[0m
[ 28%] [34m[1mGenerating Python from MSG aprendizado/Num[0m
[ 42%] [34m[1mGenerating EusLisp code from aprendizado/Num.msg[0m
[ 57%] [34m[1mGenerating Javascript code from aprendizado/Num.msg[0m
[ 57%] Built target aprendizado_generate_messages_lisp
[ 57%] Built target aprendizado_generate_messages_nodejs
[ 71%] [34m[1mGenerating EusLisp manifest code for aprendizado[0m
[35m[1mScanning dependencies of target aprendizado_generate_messages_cpp[0m
[ 85%] [34m[1mGenerating C++ code from aprendizado/Num.msg[0m
[100%] [34m[1mGenerating Python msg __init__.py for aprendizado[0m
[100%] Built target aprendizado_generate_messages_py
[100%] Built target aprendizado_generate_messages_cpp
[100%] Built target aprendizado_generate_messages_eus
[35m[1mScanning dependencies of target aprendizado_generate_messages[0m
[100%] Built target aprendizado_generate_messages
